<?xml version="1.0" encoding="UTF-8"?>
<testng-results skipped="0" failed="0" ignored="0" total="2" passed="2">
  <reporter-output>
  </reporter-output>
  <suite name="Command line suite" duration-ms="9440" started-at="2022-07-02T15:10:20Z" finished-at="2022-07-02T15:10:29Z">
    <groups>
    </groups>
    <test name="Command line test" duration-ms="9440" started-at="2022-07-02T15:10:20Z" finished-at="2022-07-02T15:10:29Z">
      <class name="test.LoginTest">
        <test-method status="PASS" signature="validUserShouldBeAbleToLogin()[pri:0, instance:test.LoginTest@5b464ce8]" name="validUserShouldBeAbleToLogin" duration-ms="3929" started-at="2022-07-02T15:10:26Z" finished-at="2022-07-02T15:10:29Z">
          <reporter-output>
          </reporter-output>
        </test-method> <!-- validUserShouldBeAbleToLogin -->
      </class> <!-- test.LoginTest -->
      <class name="test.AddContactTest">
        <test-method status="PASS" signature="validUserShouldBeAbleToAddCustomer()[pri:0, instance:test.AddContactTest@30c7da1e]" name="validUserShouldBeAbleToAddCustomer" duration-ms="5486" started-at="2022-07-02T15:10:20Z" finished-at="2022-07-02T15:10:25Z">
          <reporter-output>
          </reporter-output>
        </test-method> <!-- validUserShouldBeAbleToAddCustomer -->
      </class> <!-- test.AddContactTest -->
    </test> <!-- Command line test -->
  </suite> <!-- Command line suite -->
</testng-results>
